\BOOKMARK [0][-]{chapter.1}{Introduction}{}% 1
\BOOKMARK [1][-]{section.1.1}{Context}{chapter.1}% 2
\BOOKMARK [1][-]{section.1.2}{Problem}{chapter.1}% 3
\BOOKMARK [1][-]{section.1.3}{Related Work}{chapter.1}% 4
\BOOKMARK [1][-]{section.1.4}{Approach}{chapter.1}% 5
\BOOKMARK [1][-]{section.1.5}{Report Structure}{chapter.1}% 6
\BOOKMARK [0][-]{chapter.2}{Analysis}{}% 7
\BOOKMARK [1][-]{section.2.1}{Image Analysis}{chapter.2}% 8
\BOOKMARK [1][-]{section.2.2}{Prediction}{chapter.2}% 9
\BOOKMARK [1][-]{section.2.3}{Communication Model}{chapter.2}% 10
\BOOKMARK [2][-]{subsection.2.3.1}{Central Server}{section.2.3}% 11
\BOOKMARK [0][-]{chapter.3}{Design}{}% 12
\BOOKMARK [1][-]{section.3.1}{System Overview}{chapter.3}% 13
\BOOKMARK [1][-]{section.3.2}{Web Cameras}{chapter.3}% 14
\BOOKMARK [1][-]{section.3.3}{Raspberry Pi Computers}{chapter.3}% 15
\BOOKMARK [2][-]{subsection.3.3.1}{Object Extraction}{section.3.3}% 16
\BOOKMARK [3][-]{subsubsection.3.3.1.1}{Simple Background Subtraction Approach}{subsection.3.3.1}% 17
\BOOKMARK [3][-]{subsubsection.3.3.1.2}{Running Average Approach}{subsection.3.3.1}% 18
\BOOKMARK [2][-]{subsection.3.3.2}{Object Detection}{section.3.3}% 19
\BOOKMARK [2][-]{subsection.3.3.3}{Object Differentiation}{section.3.3}% 20
\BOOKMARK [1][-]{section.3.4}{The Server}{chapter.3}% 21
\BOOKMARK [2][-]{subsection.3.4.1}{Data Input API}{section.3.4}% 22
\BOOKMARK [2][-]{subsection.3.4.2}{Data Output API}{section.3.4}% 23
\BOOKMARK [2][-]{subsection.3.4.3}{Storage}{section.3.4}% 24
\BOOKMARK [1][-]{section.3.5}{Prediction}{chapter.3}% 25
\BOOKMARK [2][-]{subsection.3.5.1}{Gathering statistical data}{section.3.5}% 26
\BOOKMARK [2][-]{subsection.3.5.2}{Custom prediction model based on HMM}{section.3.5}% 27
\BOOKMARK [1][-]{section.3.6}{Android Application}{chapter.3}% 28
\BOOKMARK [0][-]{chapter.4}{Implementation}{}% 29
\BOOKMARK [1][-]{section.4.1}{Image Processing}{chapter.4}% 30
\BOOKMARK [2][-]{subsection.4.1.1}{Library}{section.4.1}% 31
\BOOKMARK [2][-]{subsection.4.1.2}{Programming Language}{section.4.1}% 32
\BOOKMARK [3][-]{subsubsection.4.1.2.1}{Performance Comparison Between Java and Python}{subsection.4.1.2}% 33
\BOOKMARK [1][-]{section.4.2}{The Server}{chapter.4}% 34
\BOOKMARK [0][-]{chapter.5}{Evaluation}{}% 35
\BOOKMARK [1][-]{section.5.1}{Verification}{chapter.5}% 36
\BOOKMARK [1][-]{section.5.2}{Benchmarks}{chapter.5}% 37
\BOOKMARK [0][-]{chapter.6}{Collaboration}{}% 38
\BOOKMARK [1][-]{section.6.1}{Theory}{chapter.6}% 39
\BOOKMARK [2][-]{subsection.6.1.1}{Project management}{section.6.1}% 40
\BOOKMARK [2][-]{subsection.6.1.2}{Global collaboration}{section.6.1}% 41
\BOOKMARK [1][-]{section.6.2}{Background information of the Project Team}{chapter.6}% 42
\BOOKMARK [2][-]{subsection.6.2.1}{Team ITU}{section.6.2}% 43
\BOOKMARK [2][-]{subsection.6.2.2}{Team Kenya}{section.6.2}% 44
\BOOKMARK [1][-]{section.6.3}{Project Management}{chapter.6}% 45
\BOOKMARK [2][-]{subsection.6.3.1}{Approach}{section.6.3}% 46
\BOOKMARK [2][-]{subsection.6.3.2}{Project Organization}{section.6.3}% 47
\BOOKMARK [3][-]{subsubsection.6.3.2.1}{Timeline}{subsection.6.3.2}% 48
\BOOKMARK [3][-]{subsubsection.6.3.2.2}{Project Team and Roles}{subsection.6.3.2}% 49
\BOOKMARK [2][-]{subsection.6.3.3}{Project Management Tools and Methods}{section.6.3}% 50
\BOOKMARK [3][-]{subsubsection.6.3.3.1}{Member profiles}{subsection.6.3.3}% 51
\BOOKMARK [3][-]{subsubsection.6.3.3.2}{Skill-/Preference- and Motivation-Sheet}{subsection.6.3.3}% 52
\BOOKMARK [3][-]{subsubsection.6.3.3.3}{"Out-of-Office"-Calendar}{subsection.6.3.3}% 53
\BOOKMARK [3][-]{subsubsection.6.3.3.4}{Milestone plan}{subsection.6.3.3}% 54
\BOOKMARK [3][-]{subsubsection.6.3.3.5}{Internal weekly meeting \(Jour-Fixe\)}{subsection.6.3.3}% 55
\BOOKMARK [3][-]{subsubsection.6.3.3.6}{Global weekly meeting \(Jour-Fixe\)}{subsection.6.3.3}% 56
\BOOKMARK [3][-]{subsubsection.6.3.3.7}{Meeting reports}{subsection.6.3.3}% 57
\BOOKMARK [3][-]{subsubsection.6.3.3.8}{Time recording}{subsection.6.3.3}% 58
\BOOKMARK [3][-]{subsubsection.6.3.3.9}{Introduction and Kick-Off meeting}{subsection.6.3.3}% 59
\BOOKMARK [3][-]{subsubsection.6.3.3.10}{Surveys}{subsection.6.3.3}% 60
\BOOKMARK [2][-]{subsection.6.3.4}{Collaboration Tools}{section.6.3}% 61
\BOOKMARK [3][-]{subsubsection.6.3.4.1}{Communication}{subsection.6.3.4}% 62
\BOOKMARK [3][-]{subsubsection.6.3.4.2}{Sharing}{subsection.6.3.4}% 63
\BOOKMARK [3][-]{subsubsection.6.3.4.3}{Time recording}{subsection.6.3.4}% 64
\BOOKMARK [1][-]{section.6.4}{Project Issues}{chapter.6}% 65
\BOOKMARK [2][-]{subsection.6.4.1}{Collaboration Issues}{section.6.4}% 66
\BOOKMARK [1][-]{section.6.5}{Hypothetical Scenarios}{chapter.6}% 67
\BOOKMARK [0][-]{chapter.7}{Discussion}{}% 68
\BOOKMARK [0][-]{chapter.8}{Conclusion}{}% 69
\BOOKMARK [0][-]{chapter.9}{References}{}% 70
\BOOKMARK [0][-]{appendix.A}{Appendix A}{}% 71
\BOOKMARK [0][-]{appendix.B}{Appendix B}{}% 72
\BOOKMARK [1][-]{section.B.1}{Member Profiles}{appendix.B}% 73
\BOOKMARK [1][-]{section.B.2}{Skill-/Preference-Sheet}{appendix.B}% 74
\BOOKMARK [1][-]{section.B.3}{Motivation-Sheet}{appendix.B}% 75
\BOOKMARK [1][-]{section.B.4}{"Out-of-Office"-Calendar}{appendix.B}% 76
\BOOKMARK [1][-]{section.B.5}{Global Meeting Reports}{appendix.B}% 77
\BOOKMARK [1][-]{section.B.6}{Emails}{appendix.B}% 78
\BOOKMARK [1][-]{section.B.7}{Survey}{appendix.B}% 79
