This is pdfTeX, Version 3.1415926-2.4-1.40.13 (MiKTeX 2.9) (preloaded format=pdflatex 2013.12.9)  9 DEC 2013 11:01
entering extended mode
**Occupancy*Analyzer*Report.tex

("C:\Users\Jacob\Dropbox\Dokumenter\Kandidat\GSD\GSD_Report\Report\Occupancy An
alyzer Report.tex"
LaTeX2e <2011/06/27>
Babel <v3.8m> and hyphenation patterns for english, afrikaans, ancientgreek, ar
abic, armenian, assamese, basque, bengali, bokmal, bulgarian, catalan, coptic, 
croatian, czech, danish, dutch, esperanto, estonian, farsi, finnish, french, ga
lician, german, german-x-2012-05-30, greek, gujarati, hindi, hungarian, iceland
ic, indonesian, interlingua, irish, italian, kannada, kurmanji, latin, latvian,
 lithuanian, malayalam, marathi, mongolian, mongolianlmc, monogreek, ngerman, n
german-x-2012-05-30, nynorsk, oriya, panjabi, pinyin, polish, portuguese, roman
ian, russian, sanskrit, serbian, slovak, slovenian, spanish, swedish, swissgerm
an, tamil, telugu, turkish, turkmen, ukenglish, ukrainian, uppersorbian, usengl
ishmax, welsh, loaded.
("C:\Program Files (x86)\MiKTeX 2.9\tex\latex\base\report.cls"
Document Class: report 2007/10/19 v1.4h Standard LaTeX document class
("C:\Program Files (x86)\MiKTeX 2.9\tex\latex\base\size12.clo"
File: size12.clo 2007/10/19 v1.4h Standard LaTeX file (size option)
)
\c@part=\count79
\c@chapter=\count80
\c@section=\count81
\c@subsection=\count82
\c@subsubsection=\count83
\c@paragraph=\count84
\c@subparagraph=\count85
\c@figure=\count86
\c@table=\count87
\abovecaptionskip=\skip41
\belowcaptionskip=\skip42
\bibindent=\dimen102
)
("C:\Program Files (x86)\MiKTeX 2.9\tex\latex\graphics\graphicx.sty"
Package: graphicx 1999/02/16 v1.0f Enhanced LaTeX Graphics (DPC,SPQR)

("C:\Program Files (x86)\MiKTeX 2.9\tex\latex\graphics\keyval.sty"
Package: keyval 1999/03/16 v1.13 key=value parser (DPC)
\KV@toks@=\toks14
)
("C:\Program Files (x86)\MiKTeX 2.9\tex\latex\graphics\graphics.sty"
Package: graphics 2009/02/05 v1.0o Standard LaTeX Graphics (DPC,SPQR)

("C:\Program Files (x86)\MiKTeX 2.9\tex\latex\graphics\trig.sty"
Package: trig 1999/03/16 v1.09 sin cos tan (DPC)
)
("C:\Program Files (x86)\MiKTeX 2.9\tex\latex\00miktex\graphics.cfg"
File: graphics.cfg 2007/01/18 v1.5 graphics configuration of teTeX/TeXLive
)
Package graphics Info: Driver file: pdftex.def on input line 91.

("C:\Program Files (x86)\MiKTeX 2.9\tex\latex\pdftex-def\pdftex.def"
File: pdftex.def 2011/05/27 v0.06d Graphics/color for pdfTeX

("C:\Program Files (x86)\MiKTeX 2.9\tex\generic\oberdiek\infwarerr.sty"
Package: infwarerr 2010/04/08 v1.3 Providing info/warning/error messages (HO)
)
("C:\Program Files (x86)\MiKTeX 2.9\tex\generic\oberdiek\ltxcmds.sty"
Package: ltxcmds 2011/11/09 v1.22 LaTeX kernel commands for general use (HO)
)
\Gread@gobject=\count88
))
\Gin@req@height=\dimen103
\Gin@req@width=\dimen104
)
("C:\Program Files (x86)\MiKTeX 2.9\tex\latex\preprint\fullpage.sty"
Package: fullpage 1999/02/23 1.1 (PWD)
\FP@margin=\skip43
)
("C:\Program Files (x86)\MiKTeX 2.9\tex\latex\subfigure\subfigure.sty"
Package: subfigure 2002/07/30 v2.1.4 subfigure package
\subfigtopskip=\skip44
\subfigcapskip=\skip45
\subfigcaptopadj=\dimen105
\subfigbottomskip=\skip46
\subfigcapmargin=\dimen106
\subfiglabelskip=\skip47
\c@subfigure=\count89
\c@lofdepth=\count90
\c@subtable=\count91
\c@lotdepth=\count92

****************************************
* Local config file subfigure.cfg used *
****************************************
("C:\Program Files (x86)\MiKTeX 2.9\tex\latex\subfigure\subfigure.cfg")
\subfig@top=\skip48
\subfig@bottom=\skip49
)
("C:\Program Files (x86)\MiKTeX 2.9\tex\latex\tocbibind\tocbibind.sty"
Package: tocbibind 2010/10/13 v1.5k extra ToC listings
Package tocbibind Info: The document has chapter divisions on input line 50.


Package tocbibind Note: Using chapter style headings, unless overridden.

) ("C:\Program Files (x86)\MiKTeX 2.9\tex\latex\hyperref\hyperref.sty"
Package: hyperref 2012/11/06 v6.83m Hypertext links for LaTeX

("C:\Program Files (x86)\MiKTeX 2.9\tex\generic\oberdiek\hobsub-hyperref.sty"
Package: hobsub-hyperref 2012/04/25 v1.12 Bundle oberdiek, subset hyperref (HO)


("C:\Program Files (x86)\MiKTeX 2.9\tex\generic\oberdiek\hobsub-generic.sty"
Package: hobsub-generic 2012/04/25 v1.12 Bundle oberdiek, subset generic (HO)
Package: hobsub 2012/04/25 v1.12 Construct package bundles (HO)
Package hobsub Info: Skipping package `infwarerr' (already loaded).
Package hobsub Info: Skipping package `ltxcmds' (already loaded).
Package: ifluatex 2010/03/01 v1.3 Provides the ifluatex switch (HO)
Package ifluatex Info: LuaTeX not detected.
Package: ifvtex 2010/03/01 v1.5 Detect VTeX and its facilities (HO)
Package ifvtex Info: VTeX not detected.
Package: intcalc 2007/09/27 v1.1 Expandable calculations with integers (HO)
Package: ifpdf 2011/01/30 v2.3 Provides the ifpdf switch (HO)
Package ifpdf Info: pdfTeX in PDF mode is detected.
Package: etexcmds 2011/02/16 v1.5 Avoid name clashes with e-TeX commands (HO)
Package etexcmds Info: Could not find \expanded.
(etexcmds)             That can mean that you are not using pdfTeX 1.50 or
(etexcmds)             that some package has redefined \expanded.
(etexcmds)             In the latter case, load this package earlier.
Package: kvsetkeys 2012/04/25 v1.16 Key value parser (HO)
Package: kvdefinekeys 2011/04/07 v1.3 Define keys (HO)
Package: pdftexcmds 2011/11/29 v0.20 Utility functions of pdfTeX for LuaTeX (HO
)
Package pdftexcmds Info: LuaTeX not detected.
Package pdftexcmds Info: \pdf@primitive is available.
Package pdftexcmds Info: \pdf@ifprimitive is available.
Package pdftexcmds Info: \pdfdraftmode found.
Package: pdfescape 2011/11/25 v1.13 Implements pdfTeX's escape features (HO)
Package: bigintcalc 2012/04/08 v1.3 Expandable calculations on big integers (HO
)
Package: bitset 2011/01/30 v1.1 Handle bit-vector datatype (HO)
Package: uniquecounter 2011/01/30 v1.2 Provide unlimited unique counter (HO)
)
Package hobsub Info: Skipping package `hobsub' (already loaded).
Package: letltxmacro 2010/09/02 v1.4 Let assignment for LaTeX macros (HO)
Package: hopatch 2011/06/24 v1.1 Wrapper for package hooks (HO)
Package: xcolor-patch 2011/01/30 xcolor patch
Package: atveryend 2011/06/30 v1.8 Hooks at the very end of document (HO)
Package atveryend Info: \enddocument detected (standard20110627).
Package: atbegshi 2011/10/05 v1.16 At begin shipout hook (HO)
Package: refcount 2011/10/16 v3.4 Data extraction from label references (HO)
Package: hycolor 2011/01/30 v1.7 Color options for hyperref/bookmark (HO)
)
("C:\Program Files (x86)\MiKTeX 2.9\tex\generic\ifxetex\ifxetex.sty"
Package: ifxetex 2010/09/12 v0.6 Provides ifxetex conditional
)
("C:\Program Files (x86)\MiKTeX 2.9\tex\latex\oberdiek\auxhook.sty"
Package: auxhook 2011/03/04 v1.3 Hooks for auxiliary files (HO)
)
("C:\Program Files (x86)\MiKTeX 2.9\tex\latex\oberdiek\kvoptions.sty"
Package: kvoptions 2011/06/30 v3.11 Key value format for package options (HO)
)
\@linkdim=\dimen107
\Hy@linkcounter=\count93
\Hy@pagecounter=\count94

("C:\Program Files (x86)\MiKTeX 2.9\tex\latex\hyperref\pd1enc.def"
File: pd1enc.def 2012/11/06 v6.83m Hyperref: PDFDocEncoding definition (HO)
)
\Hy@SavedSpaceFactor=\count95

("C:\Program Files (x86)\MiKTeX 2.9\tex\latex\00miktex\hyperref.cfg"
File: hyperref.cfg 2002/06/06 v1.2 hyperref configuration of TeXLive
)
Package hyperref Info: Hyper figures OFF on input line 4443.
Package hyperref Info: Link nesting OFF on input line 4448.
Package hyperref Info: Hyper index ON on input line 4451.
Package hyperref Info: Plain pages OFF on input line 4458.
Package hyperref Info: Backreferencing OFF on input line 4463.
Package hyperref Info: Implicit mode ON; LaTeX internals redefined.
Package hyperref Info: Bookmarks ON on input line 4688.
\c@Hy@tempcnt=\count96

("C:\Program Files (x86)\MiKTeX 2.9\tex\latex\ltxmisc\url.sty"
\Urlmuskip=\muskip10
Package: url 2006/04/12  ver 3.3  Verb mode for urls, etc.
)
LaTeX Info: Redefining \url on input line 5041.
\XeTeXLinkMargin=\dimen108
\Fld@menulength=\count97
\Field@Width=\dimen109
\Fld@charsize=\dimen110
Package hyperref Info: Hyper figures OFF on input line 6295.
Package hyperref Info: Link nesting OFF on input line 6300.
Package hyperref Info: Hyper index ON on input line 6303.
Package hyperref Info: backreferencing OFF on input line 6310.
Package hyperref Info: Link coloring OFF on input line 6315.
Package hyperref Info: Link coloring with OCG OFF on input line 6320.
Package hyperref Info: PDF/A mode OFF on input line 6325.
LaTeX Info: Redefining \ref on input line 6365.
LaTeX Info: Redefining \pageref on input line 6369.
\Hy@abspage=\count98
\c@Item=\count99
\c@Hfootnote=\count100
)

Package hyperref Message: Driver (autodetected): hpdftex.

("C:\Program Files (x86)\MiKTeX 2.9\tex\latex\hyperref\hpdftex.def"
File: hpdftex.def 2012/11/06 v6.83m Hyperref driver for pdfTeX
\Fld@listcount=\count101
\c@bookmark@seq@number=\count102

("C:\Program Files (x86)\MiKTeX 2.9\tex\latex\oberdiek\rerunfilecheck.sty"
Package: rerunfilecheck 2011/04/15 v1.7 Rerun checks for auxiliary files (HO)
Package uniquecounter Info: New unique counter `rerunfilecheck' on input line 2
82.
)
\Hy@SectionHShift=\skip50
)
("C:\Program Files (x86)\MiKTeX 2.9\tex\latex\footnoterange\footnoterange.sty"
Package: footnoterange 2012/02/17 v1.0a References to ranges of footnotes (HMM)


("C:\Program Files (x86)\MiKTeX 2.9\tex\latex\tools\xspace.sty"
Package: xspace 2009/10/20 v1.13 Space after command names (DPC,MH)
))
("C:\Program Files (x86)\MiKTeX 2.9\tex\latex\base\fontenc.sty"
Package: fontenc 2005/09/27 v1.99g Standard LaTeX package

("C:\Program Files (x86)\MiKTeX 2.9\tex\latex\base\t1enc.def"
File: t1enc.def 2005/09/27 v1.99g Standard LaTeX file
LaTeX Font Info:    Redeclaring font encoding T1 on input line 43.
))
("C:\Program Files (x86)\MiKTeX 2.9\tex\latex\titlesec\titlesec.sty"
Package: titlesec 2011/12/15 v2.10.0 Sectioning titles
\ttl@box=\box26
\beforetitleunit=\skip51
\aftertitleunit=\skip52
\ttl@plus=\dimen111
\ttl@minus=\dimen112
\ttl@toksa=\toks15
\titlewidth=\dimen113
\titlewidthlast=\dimen114
\titlewidthfirst=\dimen115
)
("C:\Program Files (x86)\MiKTeX 2.9\tex\latex\blindtext\blindtext.sty"
Package: blindtext 2012/01/06 V2.0 blindtext-Package
\c@blindtext=\count103
\c@Blindtext=\count104
\c@blind@countparstart=\count105
\blind@countxx=\count106
\blindtext@numBlindtext=\count107
\blind@countyy=\count108
\c@blindlist=\count109
\c@blindlistlevel=\count110
\c@blindlist@level=\count111
\blind@listitem=\count112
\c@blind@listcount=\count113
\c@blind@levelcount=\count114
\blind@mathformula=\count115
\blind@Mathformula=\count116
\c@blind@randomcount=\count117
\c@blind@randommax=\count118
\c@blind@pangramcount=\count119
\c@blind@pangrammax=\count120
)
("C:\Program Files (x86)\MiKTeX 2.9\tex\latex\graphics\color.sty"
Package: color 2005/11/14 v1.0j Standard LaTeX Color (DPC)

("C:\Program Files (x86)\MiKTeX 2.9\tex\latex\00miktex\color.cfg"
File: color.cfg 2007/01/18 v1.5 color configuration of teTeX/TeXLive
)
Package color Info: Driver file: pdftex.def on input line 130.
)
("C:\Users\Jacob\Dropbox\Dokumenter\Kandidat\GSD\GSD_Report\Report\Occupancy An
alyzer Report.aux")
LaTeX Font Info:    Checking defaults for OML/cmm/m/it on input line 27.
LaTeX Font Info:    ... okay on input line 27.
LaTeX Font Info:    Checking defaults for T1/cmr/m/n on input line 27.
LaTeX Font Info:    ... okay on input line 27.
LaTeX Font Info:    Checking defaults for OT1/cmr/m/n on input line 27.
LaTeX Font Info:    ... okay on input line 27.
LaTeX Font Info:    Checking defaults for OMS/cmsy/m/n on input line 27.
LaTeX Font Info:    ... okay on input line 27.
LaTeX Font Info:    Checking defaults for OMX/cmex/m/n on input line 27.
LaTeX Font Info:    ... okay on input line 27.
LaTeX Font Info:    Checking defaults for U/cmr/m/n on input line 27.
LaTeX Font Info:    ... okay on input line 27.
LaTeX Font Info:    Checking defaults for PD1/pdf/m/n on input line 27.
LaTeX Font Info:    ... okay on input line 27.

("C:\Program Files (x86)\MiKTeX 2.9\tex\context\base\supp-pdf.mkii"
[Loading MPS to PDF converter (version 2006.09.02).]
\scratchcounter=\count121
\scratchdimen=\dimen116
\scratchbox=\box27
\nofMPsegments=\count122
\nofMParguments=\count123
\everyMPshowfont=\toks16
\MPscratchCnt=\count124
\MPscratchDim=\dimen117
\MPnumerator=\count125
\makeMPintoPDFobject=\count126
\everyMPtoPDFconversion=\toks17
)
\AtBeginShipoutBox=\box28
Package hyperref Info: Link coloring OFF on input line 27.
 ("C:\Program Files (x86)\MiKTeX 2.9\tex\latex\hyperref\nameref.sty"
Package: nameref 2012/10/27 v2.43 Cross-referencing by name of section

("C:\Program Files (x86)\MiKTeX 2.9\tex\generic\oberdiek\gettitlestring.sty"
Package: gettitlestring 2010/12/03 v1.4 Cleanup title references (HO)
)
\c@section@level=\count127
)
LaTeX Info: Redefining \ref on input line 27.
LaTeX Info: Redefining \pageref on input line 27.
LaTeX Info: Redefining \nameref on input line 27.

("C:\Users\Jacob\Dropbox\Dokumenter\Kandidat\GSD\GSD_Report\Report\Occupancy An
alyzer Report.out")
("C:\Users\Jacob\Dropbox\Dokumenter\Kandidat\GSD\GSD_Report\Report\Occupancy An
alyzer Report.out")
\@outlinefile=\write3

(C:\Users\Jacob\Dropbox\Dokumenter\Kandidat\GSD\GSD_Report\Report\titlepage.tex
<images/other/ITU_logo.pdf, id=171, 373.395pt x 274.02374pt>
File: images/other/ITU_logo.pdf Graphic file (type pdf)

<use images/other/ITU_logo.pdf>
Package pdftex.def Info: images/other/ITU_logo.pdf used on input line 25.
(pdftex.def)             Requested size: 187.89914pt x 137.89377pt.
 [1

{C:/ProgramData/MiKTeX/2.9/pdftex/config/pdftex.map} <C:/Users/Jacob/Dropbox/Do
kumenter/Kandidat/GSD/GSD_Report/Report/images/other/ITU_logo.pdf>])pdfTeX warn
ing (ext4): destination with the same identifier (name{page.1}) has been alread
y used, duplicate ignored
<to be read again> 
                   \relax 
l.35 \end{abstract}
                    [1]
("C:\Users\Jacob\Dropbox\Dokumenter\Kandidat\GSD\GSD_Report\Report\Occupancy An
alyzer Report.toc"
LaTeX Font Info:    External font `cmex10' loaded for size
(Font)              <12> on input line 2.
LaTeX Font Info:    External font `cmex10' loaded for size
(Font)              <8> on input line 2.
LaTeX Font Info:    External font `cmex10' loaded for size
(Font)              <6> on input line 2.
pdfTeX warning (ext4): destination with the same identifier (name{page.1}) has 
been already used, duplicate ignored
<to be read again> 
                   \relax 
l.21 ... model based on HMM}{16}{subsection.3.5.3}
                                                   [1

])
\tf@toc=\write4
 [2]
Chapter 1.

(C:\Users\Jacob\Dropbox\Dokumenter\Kandidat\GSD\GSD_Report\Report\chapters/intr
oduction.tex [3

]) [4] [5]
Chapter 2.

(C:\Users\Jacob\Dropbox\Dokumenter\Kandidat\GSD\GSD_Report\Report\chapters/Anal
ysis.tex) [6

]
Chapter 3.

(C:\Users\Jacob\Dropbox\Dokumenter\Kandidat\GSD\GSD_Report\Report\chapters/Desi
gn.tex
<images/system_overview/system_overview_tomas.png, id=258, 524.1984pt x 205.969
5pt>
File: images/system_overview/system_overview_tomas.png Graphic file (type png)
 <use images/system_overview/system_overview_tomas.png>
Package pdftex.def Info: images/system_overview/system_overview_tomas.png used 
on input line 6.
(pdftex.def)             Requested size: 466.53511pt x 183.31226pt.
 [7

 <C:/Users/Jacob/Dropbox/Dokumenter/Kandidat/GSD/GSD_Report/Report/images/syste
m_overview/system_overview_tomas.png>]
<images/camera_placement/camera_top.pdf, id=271, 567.14388pt x 242.25293pt>
File: images/camera_placement/camera_top.pdf Graphic file (type pdf)

<use images/camera_placement/camera_top.pdf>
Package pdftex.def Info: images/camera_placement/camera_top.pdf used on input l
ine 30.
(pdftex.def)             Requested size: 465.06099pt x 198.64868pt.

<images/camera_placement/camera_corner.pdf, id=272, 567.14388pt x 242.25293pt>
File: images/camera_placement/camera_corner.pdf Graphic file (type pdf)

<use images/camera_placement/camera_corner.pdf>
Package pdftex.def Info: images/camera_placement/camera_corner.pdf used on inpu
t line 38.
(pdftex.def)             Requested size: 465.06099pt x 198.64868pt.
 [8 <C:/Users/Jacob/Dropbox/Dokumenter/Kandidat/GSD/GSD_Report/Report/images/ca
mera_placement/camera_top.pdf>]
<images/background_subtraction/background_subtraction_1.png, id=344, 569.12625p
t x 129.48375pt>
File: images/background_subtraction/background_subtraction_1.png Graphic file (
type png)

<use images/background_subtraction/background_subtraction_1.png>
Package pdftex.def Info: images/background_subtraction/background_subtraction_1
.png used on input line 54.
(pdftex.def)             Requested size: 466.68655pt x 106.17734pt.

<images/background_subtraction/background_subtraction_2.png, id=346, 574.145pt 
x 127.47626pt>
File: images/background_subtraction/background_subtraction_2.png Graphic file (
type png)

<use images/background_subtraction/background_subtraction_2.png>
Package pdftex.def Info: images/background_subtraction/background_subtraction_2
.png used on input line 61.
(pdftex.def)             Requested size: 465.0549pt x 103.25519pt.
LaTeX Font Info:    Try loading font information for OMS+cmr on input line 69.

("C:\Program Files (x86)\MiKTeX 2.9\tex\latex\base\omscmr.fd"
File: omscmr.fd 1999/05/25 v2.5h Standard LaTeX font definitions
)
LaTeX Font Info:    Font shape `OMS/cmr/m/n' in size <12> not available
(Font)              Font shape `OMS/cmsy/m/n' tried instead on input line 69.

<images/background_subtraction/background_subtraction_3.png, id=350, 569.12625p
t x 127.47626pt>
File: images/background_subtraction/background_subtraction_3.png Graphic file (
type png)

<use images/background_subtraction/background_subtraction_3.png>
Package pdftex.def Info: images/background_subtraction/background_subtraction_3
.png used on input line 73.
(pdftex.def)             Requested size: 466.68655pt x 104.53119pt.

<images/background_subtraction/background_subtraction_4.png, id=351, 577.15625p
t x 127.47626pt>
File: images/background_subtraction/background_subtraction_4.png Graphic file (
type png)

<use images/background_subtraction/background_subtraction_4.png>
Package pdftex.def Info: images/background_subtraction/background_subtraction_4
.png used on input line 80.
(pdftex.def)             Requested size: 467.494pt x 103.25519pt.
 [9 <C:/Users/Jacob/Dropbox/Dokumenter/Kandidat/GSD/GSD_Report/Report/images/ca
mera_placement/camera_corner.pdf>]
<images/background_subtraction/background_subtraction_5.png, id=433, 569.12625p
t x 127.47626pt>
File: images/background_subtraction/background_subtraction_5.png Graphic file (
type png)

<use images/background_subtraction/background_subtraction_5.png>
Package pdftex.def Info: images/background_subtraction/background_subtraction_5
.png used on input line 89.
(pdftex.def)             Requested size: 466.68655pt x 104.53119pt.
 [10 <C:/Users/Jacob/Dropbox/Dokumenter/Kandidat/GSD/GSD_Report/Report/images/b
ackground_subtraction/background_subtraction_1.png> <C:/Users/Jacob/Dropbox/Dok
umenter/Kandidat/GSD/GSD_Report/Report/images/background_subtraction/background
_subtraction_2.png> <C:/Users/Jacob/Dropbox/Dokumenter/Kandidat/GSD/GSD_Report/
Report/images/background_subtraction/background_subtraction_3.png>]
<images/running_average/running_average_1.png, id=449, 481.8pt x 361.35pt>
File: images/running_average/running_average_1.png Graphic file (type png)

<use images/running_average/running_average_1.png>
Package pdftex.def Info: images/running_average/running_average_1.png used on i
nput line 106.
(pdftex.def)             Requested size: 192.71658pt x 144.53743pt.

<images/running_average/running_average_2.png, id=450, 481.8pt x 361.35pt>
File: images/running_average/running_average_2.png Graphic file (type png)

<use images/running_average/running_average_2.png>
Package pdftex.def Info: images/running_average/running_average_2.png used on i
nput line 110.
(pdftex.def)             Requested size: 192.71658pt x 144.53743pt.

<images/running_average/running_average_3.png, id=451, 481.8pt x 361.35pt>
File: images/running_average/running_average_3.png Graphic file (type png)

<use images/running_average/running_average_3.png>
Package pdftex.def Info: images/running_average/running_average_3.png used on i
nput line 113.
(pdftex.def)             Requested size: 192.71658pt x 144.53743pt.

<images/running_average/running_average_4.png, id=452, 481.8pt x 361.35pt>
File: images/running_average/running_average_4.png Graphic file (type png)

<use images/running_average/running_average_4.png>
Package pdftex.def Info: images/running_average/running_average_4.png used on i
nput line 117.
(pdftex.def)             Requested size: 192.71658pt x 144.53743pt.
 [11 <C:/Users/Jacob/Dropbox/Dokumenter/Kandidat/GSD/GSD_Report/Report/images/b
ackground_subtraction/background_subtraction_4.png> <C:/Users/Jacob/Dropbox/Dok
umenter/Kandidat/GSD/GSD_Report/Report/images/background_subtraction/background
_subtraction_5.png>]
<images/blur/blur_1.png, id=463, 481.8pt x 361.35pt>
File: images/blur/blur_1.png Graphic file (type png)

<use images/blur/blur_1.png>
Package pdftex.def Info: images/blur/blur_1.png used on input line 131.
(pdftex.def)             Requested size: 192.71658pt x 144.53743pt.

<images/blur/blur_2.png, id=464, 481.8pt x 361.35pt>
File: images/blur/blur_2.png Graphic file (type png)

<use images/blur/blur_2.png>
Package pdftex.def Info: images/blur/blur_2.png used on input line 135.
(pdftex.def)             Requested size: 192.71658pt x 144.53743pt.
 [12 <C:/Users/Jacob/Dropbox/Dokumenter/Kandidat/GSD/GSD_Report/Report/images/r
unning_average/running_average_1.png> <C:/Users/Jacob/Dropbox/Dokumenter/Kandid
at/GSD/GSD_Report/Report/images/running_average/running_average_2.png> <C:/User
s/Jacob/Dropbox/Dokumenter/Kandidat/GSD/GSD_Report/Report/images/running_averag
e/running_average_3.png> <C:/Users/Jacob/Dropbox/Dokumenter/Kandidat/GSD/GSD_Re
port/Report/images/running_average/running_average_4.png>] [13 <C:/Users/Jacob/
Dropbox/Dokumenter/Kandidat/GSD/GSD_Report/Report/images/blur/blur_1.png> <C:/U
sers/Jacob/Dropbox/Dokumenter/Kandidat/GSD/GSD_Report/Report/images/blur/blur_2
.png>]
<images/grayscale/grayscale_1.png, id=511, 305.64188pt x 226.59656pt>
File: images/grayscale/grayscale_1.png Graphic file (type png)

<use images/grayscale/grayscale_1.png>
Package pdftex.def Info: images/grayscale/grayscale_1.png used on input line 15
4.
(pdftex.def)             Requested size: 198.66486pt x 147.28601pt.

<images/grayscale/grayscale_2.png, id=512, 305.64188pt x 226.59656pt>
File: images/grayscale/grayscale_2.png Graphic file (type png)

<use images/grayscale/grayscale_2.png>
Package pdftex.def Info: images/grayscale/grayscale_2.png used on input line 15
8.
(pdftex.def)             Requested size: 198.66486pt x 147.28601pt.

<images/grayscale/grayscale_3.png, id=513, 305.64188pt x 226.59656pt>
File: images/grayscale/grayscale_3.png Graphic file (type png)

<use images/grayscale/grayscale_3.png>
Package pdftex.def Info: images/grayscale/grayscale_3.png used on input line 16
1.
(pdftex.def)             Requested size: 198.66486pt x 147.28601pt.

<images/threshold/threshold_1.png, id=514, 305.64188pt x 226.59656pt>
File: images/threshold/threshold_1.png Graphic file (type png)

<use images/threshold/threshold_1.png>
Package pdftex.def Info: images/threshold/threshold_1.png used on input line 16
5.
(pdftex.def)             Requested size: 198.66486pt x 147.28601pt.

<images/dilate_erode/dilate_erode_1.png, id=515, 305.64188pt x 226.59656pt>
File: images/dilate_erode/dilate_erode_1.png Graphic file (type png)

<use images/dilate_erode/dilate_erode_1.png>
Package pdftex.def Info: images/dilate_erode/dilate_erode_1.png used on input l
ine 168.
(pdftex.def)             Requested size: 198.66486pt x 147.28601pt.

<images/bounding_box/bounding_box_1.png, id=516, 305.64188pt x 226.59656pt>
File: images/bounding_box/bounding_box_1.png Graphic file (type png)

<use images/bounding_box/bounding_box_1.png>
Package pdftex.def Info: images/bounding_box/bounding_box_1.png used on input l
ine 172.
(pdftex.def)             Requested size: 198.66486pt x 147.28601pt.
 [14]
<images/prediction_figures/knn_room.pdf, id=525, 149.00668pt x 89.936pt>
File: images/prediction_figures/knn_room.pdf Graphic file (type pdf)

<use images/prediction_figures/knn_room.pdf>
Package pdftex.def Info: images/prediction_figures/knn_room.pdf used on input l
ine 197.
(pdftex.def)             Requested size: 149.0063pt x 89.93578pt.

<images/prediction_figures/markov.pdf, id=528, 180.6812pt x 87.7613pt>
File: images/prediction_figures/markov.pdf Graphic file (type pdf)

<use images/prediction_figures/markov.pdf>
Package pdftex.def Info: images/prediction_figures/markov.pdf used on input lin
e 204.
(pdftex.def)             Requested size: 180.68076pt x 87.76108pt.

Underfull \hbox (badness 10000) in paragraph at lines 194--209

 []

[15] [16]
<images/prediction_figures/custom.pdf, id=544, 256.96pt x 192.74509pt>
File: images/prediction_figures/custom.pdf Graphic file (type pdf)

<use images/prediction_figures/custom.pdf>
Package pdftex.def Info: images/prediction_figures/custom.pdf used on input lin
e 226.
(pdftex.def)             Requested size: 256.95937pt x 192.7446pt.
) [17] [18 <C:/Users/Jacob/Dropbox/Dokumenter/Kandidat/GSD/GSD_Report/Report/im
ages/grayscale/grayscale_1.png> <C:/Users/Jacob/Dropbox/Dokumenter/Kandidat/GSD
/GSD_Report/Report/images/grayscale/grayscale_2.png> <C:/Users/Jacob/Dropbox/Do
kumenter/Kandidat/GSD/GSD_Report/Report/images/grayscale/grayscale_3.png> <C:/U
sers/Jacob/Dropbox/Dokumenter/Kandidat/GSD/GSD_Report/Report/images/threshold/t
hreshold_1.png> <C:/Users/Jacob/Dropbox/Dokumenter/Kandidat/GSD/GSD_Report/Repo
rt/images/dilate_erode/dilate_erode_1.png> <C:/Users/Jacob/Dropbox/Dokumenter/K
andidat/GSD/GSD_Report/Report/images/bounding_box/bounding_box_1.png>] [19 <C:/
Users/Jacob/Dropbox/Dokumenter/Kandidat/GSD/GSD_Report/Report/images/prediction
_figures/knn_room.pdf> <C:/Users/Jacob/Dropbox/Dokumenter/Kandidat/GSD/GSD_Repo
rt/Report/images/prediction_figures/markov.pdf

pdfTeX warning: pdflatex (file C:/Users/Jacob/Dropbox/Dokumenter/Kandidat/GSD/G
SD_Report/Report/images/prediction_figures/markov.pdf): PDF inclusion: multiple
 pdfs with page group included in a single page
> <C:/Users/Jacob/Dropbox/Dokumenter/Kandidat/GSD/GSD_Report/Report/images/pred
iction_figures/custom.pdf

pdfTeX warning: pdflatex (file C:/Users/Jacob/Dropbox/Dokumenter/Kandidat/GSD/G
SD_Report/Report/images/prediction_figures/custom.pdf): PDF inclusion: multiple
 pdfs with page group included in a single page
>]
Chapter 4.

(C:\Users\Jacob\Dropbox\Dokumenter\Kandidat\GSD\GSD_Report\Report\chapters/Impl
ementation.tex
LaTeX Font Info:    External font `cmex10' loaded for size
(Font)              <7> on input line 4.
LaTeX Font Info:    External font `cmex10' loaded for size
(Font)              <5> on input line 4.
LaTeX Font Info:    Try loading font information for T1+cmtt on input line 4.
 ("C:\Program Files (x86)\MiKTeX 2.9\tex\latex\base\t1cmtt.fd"
File: t1cmtt.fd 1999/05/25 v2.5h Standard LaTeX font definitions
)
[20

] <images/benchmark/benchmark_1.pdf, id=604, 406.51875pt x 233.37187pt>
File: images/benchmark/benchmark_1.pdf Graphic file (type pdf)

<use images/benchmark/benchmark_1.pdf>
Package pdftex.def Info: images/benchmark/benchmark_1.pdf used on input line 21
.
(pdftex.def)             Requested size: 386.19061pt x 221.70201pt.

<images/benchmark/benchmark_2.pdf, id=605, 406.51875pt x 233.37187pt>
File: images/benchmark/benchmark_2.pdf Graphic file (type pdf)

<use images/benchmark/benchmark_2.pdf>
Package pdftex.def Info: images/benchmark/benchmark_2.pdf used on input line 25
.
(pdftex.def)             Requested size: 386.19061pt x 221.70201pt.

<images/benchmark/benchmark_3.pdf, id=610, 406.51875pt x 233.37187pt>
File: images/benchmark/benchmark_3.pdf Graphic file (type pdf)

<use images/benchmark/benchmark_3.pdf>
Package pdftex.def Info: images/benchmark/benchmark_3.pdf used on input line 38
.
(pdftex.def)             Requested size: 386.19061pt x 221.70201pt.

<images/benchmark/benchmark_4.pdf, id=611, 406.51875pt x 233.37187pt>
File: images/benchmark/benchmark_4.pdf Graphic file (type pdf)

<use images/benchmark/benchmark_4.pdf>
Package pdftex.def Info: images/benchmark/benchmark_4.pdf used on input line 42
.
(pdftex.def)             Requested size: 386.19061pt x 221.70201pt.
) [21] [22 <C:/Users/Jacob/Dropbox/Dokumenter/Kandidat/GSD/GSD_Report/Report/im
ages/benchmark/benchmark_1.pdf> <C:/Users/Jacob/Dropbox/Dokumenter/Kandidat/GSD
/GSD_Report/Report/images/benchmark/benchmark_2.pdf

pdfTeX warning: pdflatex (file C:/Users/Jacob/Dropbox/Dokumenter/Kandidat/GSD/G
SD_Report/Report/images/benchmark/benchmark_2.pdf): PDF inclusion: multiple pdf
s with page group included in a single page
>] [23 <C:/Users/Jacob/Dropbox/Dokumenter/Kandidat/GSD/GSD_Report/Report/images
/benchmark/benchmark_3.pdf> <C:/Users/Jacob/Dropbox/Dokumenter/Kandidat/GSD/GSD
_Report/Report/images/benchmark/benchmark_4.pdf

pdfTeX warning: pdflatex (file C:/Users/Jacob/Dropbox/Dokumenter/Kandidat/GSD/G
SD_Report/Report/images/benchmark/benchmark_4.pdf): PDF inclusion: multiple pdf
s with page group included in a single page
>]
Chapter 5.

(C:\Users\Jacob\Dropbox\Dokumenter\Kandidat\GSD\GSD_Report\Report\chapters/Eval
uation.tex) [24

]
Chapter 6.

(C:\Users\Jacob\Dropbox\Dokumenter\Kandidat\GSD\GSD_Report\Report\chapters/Coll
aboration.tex [25

] [26] [27]) [28]
Chapter 7.

(C:\Users\Jacob\Dropbox\Dokumenter\Kandidat\GSD\GSD_Report\Report\chapters/Disc
ussion.tex) [29

]
Chapter 8.

(C:\Users\Jacob\Dropbox\Dokumenter\Kandidat\GSD\GSD_Report\Report\chapters/Conc
lusion.tex)
(C:\Users\Jacob\Dropbox\Dokumenter\Kandidat\GSD\GSD_Report\Report\chapters/Refe
rences.tex [30

]
Chapter 9.
)
Package atveryend Info: Empty hook `BeforeClearDocument' on input line 69.
 [31

]
Package atveryend Info: Empty hook `AfterLastShipout' on input line 69.

("C:\Users\Jacob\Dropbox\Dokumenter\Kandidat\GSD\GSD_Report\Report\Occupancy An
alyzer Report.aux")
Package atveryend Info: Executing hook `AtVeryEndDocument' on input line 69.
Package atveryend Info: Executing hook `AtEndAfterFileList' on input line 69.
Package rerunfilecheck Info: File `Occupancy*Analyzer*Report.out' has not chang
ed.
(rerunfilecheck)             Checksum: <no file>.
Package atveryend Info: Empty hook `AtVeryVeryEnd' on input line 69.
 ) 
Here is how much of TeX's memory you used:
 6394 strings out of 493921
 99617 string characters out of 3144876
 178600 words of memory out of 3000000
 9414 multiletter control sequences out of 15000+200000
 17705 words of font info for 39 fonts, out of 3000000 for 9000
 841 hyphenation exceptions out of 8191
 29i,9n,33p,2332b,402s stack positions out of 5000i,500n,10000p,200000b,50000s
 <C:\Users\Jacob\AppData\Local\MiKTeX\2.9\fonts\pk\ljfour\jknappen\ec\dpi600\
ectt1000.pk> <C:\Users\Jacob\AppData\Local\MiKTeX\2.9\fonts\pk\ljfour\jknappen\
ec\dpi600\ecrm0700.pk> <C:\Users\Jacob\AppData\Local\MiKTeX\2.9\fonts\pk\ljfour
\jknappen\ec\dpi600\ectt1200.pk> <C:\Users\Jacob\AppData\Local\MiKTeX\2.9\fonts
\pk\ljfour\jknappen\ec\dpi600\ecrm0800.pk> <C:\Users\Jacob\AppData\Local\MiKTeX
\2.9\fonts\pk\ljfour\jknappen\ec\dpi600\ecti1200.pk> <C:\Users\Jacob\AppData\Lo
cal\MiKTeX\2.9\fonts\pk\ljfour\jknappen\ec\dpi600\ecrm1000.pk> <C:\Users\Jacob\
AppData\Local\MiKTeX\2.9\fonts\pk\ljfour\jknappen\ec\dpi600\ecbx1440.pk> <C:\Us
ers\Jacob\AppData\Local\MiKTeX\2.9\fonts\pk\ljfour\jknappen\ec\dpi600\ecbx1728.
pk> <C:\Users\Jacob\AppData\Local\MiKTeX\2.9\fonts\pk\ljfour\jknappen\ec\dpi600
\ecrm1200.pk> <C:\Users\Jacob\AppData\Local\MiKTeX\2.9\fonts\pk\ljfour\jknappen
\ec\dpi600\ecbx1200.pk> <C:\Users\Jacob\AppData\Local\MiKTeX\2.9\fonts\pk\ljfou
r\jknappen\ec\dpi600\ecrm1728.pk> <C:\Users\Jacob\AppData\Local\MiKTeX\2.9\font
s\pk\ljfour\jknappen\ec\dpi600\ecbx2074.pk> <C:\Users\Jacob\AppData\Local\MiKTe
X\2.9\fonts\pk\ljfour\jknappen\ec\dpi600\ecrm2074.pk> <C:\Users\Jacob\AppData\L
ocal\MiKTeX\2.9\fonts\pk\ljfour\jknappen\ec\dpi600\ecbx2488.pk><C:/Program File
s (x86)/MiKTeX 2.9/fonts/type1/public/amsfonts/cm/cmmi12.pfb><C:/Program Files 
(x86)/MiKTeX 2.9/fonts/type1/public/amsfonts/cm/cmr10.pfb><C:/Program Files (x8
6)/MiKTeX 2.9/fonts/type1/public/amsfonts/cm/cmr12.pfb><C:/Program Files (x86)/
MiKTeX 2.9/fonts/type1/public/amsfonts/cm/cmr8.pfb><C:/Program Files (x86)/MiKT
eX 2.9/fonts/type1/public/amsfonts/cm/cmsy10.pfb><C:/Program Files (x86)/MiKTeX
 2.9/fonts/type1/public/amsfonts/cm/cmsy8.pfb>
Output written on "Occupancy Analyzer Report.pdf" (33 pages, 5164453 bytes).
PDF statistics:
 1258 PDF objects out of 1440 (max. 8388607)
 126 named destinations out of 1000 (max. 500000)
 477 words of extra memory for PDF output out of 10000 (max. 10000000)

